<?xml version="1.0" encoding="UTF-8"?>
<Site BuildName="(empty)"
	BuildStamp="20250628-0714-Experimental"
	Name="(empty)"
	Generator="ctest-3.28.1"
	CompilerName=""
	CompilerVersion=""
	OSName="Linux"
	Hostname="Precision-7510"
	OSRelease="6.11.0-26-generic"
	OSVersion="#26~24.04.1-Ubuntu SMP PREEMPT_DYNAMIC Thu Apr 17 19:20:47 UTC 2"
	OSPlatform="x86_64"
	Is64Bits="1"
	VendorString="GenuineIntel"
	VendorID="Intel Corporation"
	FamilyID="6"
	ModelID="94"
	ProcessorCacheSize="8192"
	NumberOfLogicalCPU="8"
	NumberOfPhysicalCPU="4"
	TotalVirtualMemory="4095"
	TotalPhysicalMemory="15882"
	LogicalProcessorsPerPhysical="2"
	ProcessorClockFrequency="2699.97"
	>
	<Testing>
		<StartDateTime>Jun 28 14:14 +07</StartDateTime>
		<StartTestTime>1751094883</StartTestTime>
		<TestList/>
		<EndDateTime>Jun 28 14:14 +07</EndDateTime>
		<EndTestTime>1751094883</EndTestTime>
		<ElapsedMinutes>0</ElapsedMinutes>
	</Testing>
</Site>
